<?xml version="1.0" encoding="UTF-8"?>
<!-- Generated by org.testng.reporters.JUnitReportReporter -->
<testsuite skipped="0" hostname="LAPTOP-M8A5375A" name="demoMaven.BusquedaWeb2" tests="1" failures="0" timestamp="23 ene 2020 15:32:40 GMT" time="10.556" errors="0">
  <testcase name="busquedaSelenium" time="10.556" classname="demoMaven.BusquedaWeb2"/>
</testsuite> <!-- demoMaven.BusquedaWeb2 -->
